# JRE version: OpenJDK Runtime Environment Temurin-21.0.10+7 (21.0.10+7) (build 21.0.10+7-LTS)
# Java VM: OpenJDK 64-Bit Server VM Temurin-21.0.10+7 (21.0.10+7-LTS, mixed mode, sharing, tiered, compressed oops, compressed class ptrs, parallel gc, windows-amd64)
GC Precious Log:
 CardTable entry size: 512
 CPUs: 16 total, 16 available
 Memory: 5989M
 Large Page Support: Disabled
 NUMA Support: Disabled
 Compressed Oops: Enabled (32-bit)
 Alignments: Space 512K, Generation 512K, Heap 2M
 Heap Min Capacity: 100M
 Heap Initial Capacity: 100M
 Heap Max Capacity: 2G
 Pre-touch: Disabled
 Parallel Workers: 13
Heap:
 PSYoungGen      total 10240K, used 8769K [0x00000000d5580000, 0x00000000d6280000, 0x0000000100000000)
  eden space 8192K, 82% used [0x00000000d5580000,0x00000000d5c20630,0x00000000d5d80000)
  from space 2048K, 96% used [0x00000000d6080000,0x00000000d6270000,0x00000000d6280000)
  to   space 2048K, 0% used [0x00000000d5e80000,0x00000000d5e80000,0x00000000d6080000)
 ParOldGen       total 162304K, used 162238K [0x0000000080000000, 0x0000000089e80000, 0x00000000d5580000)
  object space 162304K, 99% used [0x0000000080000000,0x0000000089e6fab8,0x0000000089e80000)
 Metaspace       used 64976K, committed 66496K, reserved 1114112K
  class space    used 6844K, committed 7488K, reserved 1048576K
GC Heap History (20 events):
Event: 17.149 GC heap before
{Heap before GC invocations=94 (full 3):
 PSYoungGen      total 5120K, used 4825K [0x00000000d5580000, 0x00000000d5f00000, 0x0000000100000000)
  eden space 3072K, 100% used [0x00000000d5580000,0x00000000d5880000,0x00000000d5880000)
  from space 2048K, 85% used [0x00000000d5d00000,0x00000000d5eb67d0,0x00000000d5f00000)
  to   space 2560K, 0% used [0x00000000d5a00000,0x00000000d5a00000,0x00000000d5c80000)
 ParOldGen       total 139776K, used 139595K [0x0000000080000000, 0x0000000088880000, 0x00000000d5580000)
  object space 139776K, 99% used [0x0000000080000000,0x0000000088852c28,0x0000000088880000)
 Metaspace       used 64514K, committed 66048K, reserved 1114112K
  class space    used 6798K, committed 7488K, reserved 1048576K
}
Event: 17.151 GC heap after
{Heap after GC invocations=94 (full 3):
 PSYoungGen      total 6656K, used 2538K [0x00000000d5580000, 0x00000000d6380000, 0x0000000100000000)
  eden space 4096K, 0% used [0x00000000d5580000,0x00000000d5580000,0x00000000d5980000)
  from space 2560K, 99% used [0x00000000d5a00000,0x00000000d5c7abd8,0x00000000d5c80000)
  to   space 5120K, 0% used [0x00000000d5e80000,0x00000000d5e80000,0x00000000d6380000)
 ParOldGen       total 141312K, used 141244K [0x0000000080000000, 0x0000000088a00000, 0x00000000d5580000)
  object space 141312K, 99% used [0x0000000080000000,0x00000000889ef3f8,0x0000000088a00000)
 Metaspace       used 64514K, committed 66048K, reserved 1114112K
  class space    used 6798K, committed 7488K, reserved 1048576K
}
Event: 17.157 GC heap before
{Heap before GC invocations=95 (full 3):
 PSYoungGen      total 6656K, used 6634K [0x00000000d5580000, 0x00000000d6380000, 0x0000000100000000)
  eden space 4096K, 100% used [0x00000000d5580000,0x00000000d5980000,0x00000000d5980000)
  from space 2560K, 99% used [0x00000000d5a00000,0x00000000d5c7abd8,0x00000000d5c80000)
  to   space 5120K, 0% used [0x00000000d5e80000,0x00000000d5e80000,0x00000000d6380000)
 ParOldGen       total 141312K, used 141244K [0x0000000080000000, 0x0000000088a00000, 0x00000000d5580000)
  object space 141312K, 99% used [0x0000000080000000,0x00000000889ef3f8,0x0000000088a00000)
 Metaspace       used 64515K, committed 66048K, reserved 1114112K
  class space    used 6798K, committed 7488K, reserved 1048576K
}
Event: 17.160 GC heap after
{Heap after GC invocations=95 (full 3):
 PSYoungGen      total 7168K, used 2016K [0x00000000d5580000, 0x00000000d6080000, 0x0000000100000000)
  eden space 5120K, 0% used [0x00000000d5580000,0x00000000d5580000,0x00000000d5a80000)
  from space 2048K, 98% used [0x00000000d5e80000,0x00000000d6078000,0x00000000d6080000)
  to   space 3072K, 0% used [0x00000000d5a80000,0x00000000d5a80000,0x00000000d5d80000)
 ParOldGen       total 143872K, used 143670K [0x0000000080000000, 0x0000000088c80000, 0x00000000d5580000)
  object space 143872K, 99% used [0x0000000080000000,0x0000000088c4daa8,0x0000000088c80000)
 Metaspace       used 64515K, committed 66048K, reserved 1114112K
  class space    used 6798K, committed 7488K, reserved 1048576K
}
Event: 17.168 GC heap before
{Heap before GC invocations=96 (full 3):
 PSYoungGen      total 7168K, used 7136K [0x00000000d5580000, 0x00000000d6080000, 0x0000000100000000)
  eden space 5120K, 100% used [0x00000000d5580000,0x00000000d5a80000,0x00000000d5a80000)
  from space 2048K, 98% used [0x00000000d5e80000,0x00000000d6078000,0x00000000d6080000)
  to   space 3072K, 0% used [0x00000000d5a80000,0x00000000d5a80000,0x00000000d5d80000)
 ParOldGen       total 143872K, used 143670K [0x0000000080000000, 0x0000000088c80000, 0x00000000d5580000)
  object space 143872K, 99% used [0x0000000080000000,0x0000000088c4daa8,0x0000000088c80000)
 Metaspace       used 64515K, committed 66048K, reserved 1114112K
  class space    used 6798K, committed 7488K, reserved 1048576K
}
Event: 17.172 GC heap after
{Heap after GC invocations=96 (full 3):
 PSYoungGen      total 8192K, used 2526K [0x00000000d5580000, 0x00000000d6180000, 0x0000000100000000)
  eden space 5120K, 0% used [0x00000000d5580000,0x00000000d5580000,0x00000000d5a80000)
  from space 3072K, 82% used [0x00000000d5a80000,0x00000000d5cf7b90,0x00000000d5d80000)
  to   space 3072K, 0% used [0x00000000d5e80000,0x00000000d5e80000,0x00000000d6180000)
 ParOldGen       total 145920K, used 145526K [0x0000000080000000, 0x0000000088e80000, 0x00000000d5580000)
  object space 145920K, 99% used [0x0000000080000000,0x0000000088e1daa8,0x0000000088e80000)
 Metaspace       used 64515K, committed 66048K, reserved 1114112K
  class space    used 6798K, committed 7488K, reserved 1048576K
}
Event: 17.181 GC heap before
{Heap before GC invocations=97 (full 3):
 PSYoungGen      total 8192K, used 7646K [0x00000000d5580000, 0x00000000d6180000, 0x0000000100000000)
  eden space 5120K, 100% used [0x00000000d5580000,0x00000000d5a80000,0x00000000d5a80000)
  from space 3072K, 82% used [0x00000000d5a80000,0x00000000d5cf7b90,0x00000000d5d80000)
  to   space 3072K, 0% used [0x00000000d5e80000,0x00000000d5e80000,0x00000000d6180000)
 ParOldGen       total 145920K, used 145526K [0x0000000080000000, 0x0000000088e80000, 0x00000000d5580000)
  object space 145920K, 99% used [0x0000000080000000,0x0000000088e1daa8,0x0000000088e80000)
 Metaspace       used 64516K, committed 66048K, reserved 1114112K
  class space    used 6798K, committed 7488K, reserved 1048576K
}
Event: 17.185 GC heap after
{Heap after GC invocations=97 (full 3):
 PSYoungGen      total 8704K, used 3028K [0x00000000d5580000, 0x00000000d6280000, 0x0000000100000000)
  eden space 5632K, 0% used [0x00000000d5580000,0x00000000d5580000,0x00000000d5b00000)
  from space 3072K, 98% used [0x00000000d5e80000,0x00000000d61750e0,0x00000000d6180000)
  to   space 3584K, 0% used [0x00000000d5b00000,0x00000000d5b00000,0x00000000d5e80000)
 ParOldGen       total 147968K, used 147877K [0x0000000080000000, 0x0000000089080000, 0x00000000d5580000)
  object space 147968K, 99% used [0x0000000080000000,0x00000000890696c8,0x0000000089080000)
 Metaspace       used 64516K, committed 66048K, reserved 1114112K
  class space    used 6798K, committed 7488K, reserved 1048576K
}
Event: 17.194 GC heap before
{Heap before GC invocations=98 (full 3):
 PSYoungGen      total 8704K, used 8660K [0x00000000d5580000, 0x00000000d6280000, 0x0000000100000000)
  eden space 5632K, 100% used [0x00000000d5580000,0x00000000d5b00000,0x00000000d5b00000)
  from space 3072K, 98% used [0x00000000d5e80000,0x00000000d61750e0,0x00000000d6180000)
  to   space 3584K, 0% used [0x00000000d5b00000,0x00000000d5b00000,0x00000000d5e80000)
 ParOldGen       total 147968K, used 147877K [0x0000000080000000, 0x0000000089080000, 0x00000000d5580000)
  object space 147968K, 99% used [0x0000000080000000,0x00000000890696c8,0x0000000089080000)
 Metaspace       used 64516K, committed 66048K, reserved 1114112K
  class space    used 6798K, committed 7488K, reserved 1048576K
}
Event: 17.199 GC heap after
{Heap after GC invocations=98 (full 3):
 PSYoungGen      total 9216K, used 3278K [0x00000000d5580000, 0x00000000d6380000, 0x0000000100000000)
  eden space 5632K, 0% used [0x00000000d5580000,0x00000000d5580000,0x00000000d5b00000)
  from space 3584K, 91% used [0x00000000d5b00000,0x00000000d5e33a68,0x00000000d5e80000)
  to   space 3584K, 0% used [0x00000000d6000000,0x00000000d6000000,0x00000000d6380000)
 ParOldGen       total 151040K, used 150550K [0x0000000080000000, 0x0000000089380000, 0x00000000d5580000)
  object space 151040K, 99% used [0x0000000080000000,0x00000000893059b8,0x0000000089380000)
 Metaspace       used 64516K, committed 66048K, reserved 1114112K
  class space    used 6798K, committed 7488K, reserved 1048576K
}
Event: 17.206 GC heap before
{Heap before GC invocations=99 (full 3):
 PSYoungGen      total 9216K, used 8910K [0x00000000d5580000, 0x00000000d6380000, 0x0000000100000000)
  eden space 5632K, 100% used [0x00000000d5580000,0x00000000d5b00000,0x00000000d5b00000)
  from space 3584K, 91% used [0x00000000d5b00000,0x00000000d5e33a68,0x00000000d5e80000)
  to   space 3584K, 0% used [0x00000000d6000000,0x00000000d6000000,0x00000000d6380000)
 ParOldGen       total 151040K, used 150550K [0x0000000080000000, 0x0000000089380000, 0x00000000d5580000)
  object space 151040K, 99% used [0x0000000080000000,0x00000000893059b8,0x0000000089380000)
 Metaspace       used 64517K, committed 66048K, reserved 1114112K
  class space    used 6798K, committed 7488K, reserved 1048576K
}
Event: 17.210 GC heap after
{Heap after GC invocations=99 (full 3):
 PSYoungGen      total 10240K, used 3569K [0x00000000d5580000, 0x00000000d6480000, 0x0000000100000000)
  eden space 6656K, 0% used [0x00000000d5580000,0x00000000d5580000,0x00000000d5c00000)
  from space 3584K, 99% used [0x00000000d6000000,0x00000000d637c440,0x00000000d6380000)
  to   space 4096K, 0% used [0x00000000d5c00000,0x00000000d5c00000,0x00000000d6000000)
 ParOldGen       total 153600K, used 153575K [0x0000000080000000, 0x0000000089600000, 0x00000000d5580000)
  object space 153600K, 99% used [0x0000000080000000,0x00000000895f9ca8,0x0000000089600000)
 Metaspace       used 64517K, committed 66048K, reserved 1114112K
  class space    used 6798K, committed 7488K, reserved 1048576K
}
Event: 17.225 GC heap before
{Heap before GC invocations=100 (full 3):
 PSYoungGen      total 10240K, used 10225K [0x00000000d5580000, 0x00000000d6480000, 0x0000000100000000)
  eden space 6656K, 100% used [0x00000000d5580000,0x00000000d5c00000,0x00000000d5c00000)
  from space 3584K, 99% used [0x00000000d6000000,0x00000000d637c440,0x00000000d6380000)
  to   space 4096K, 0% used [0x00000000d5c00000,0x00000000d5c00000,0x00000000d6000000)
 ParOldGen       total 153600K, used 153575K [0x0000000080000000, 0x0000000089600000, 0x00000000d5580000)
  object space 153600K, 99% used [0x0000000080000000,0x00000000895f9ca8,0x0000000089600000)
 Metaspace       used 64518K, committed 66048K, reserved 1114112K
  class space    used 6798K, committed 7488K, reserved 1048576K
}
Event: 17.229 GC heap after
{Heap after GC invocations=100 (full 3):
 PSYoungGen      total 10752K, used 3881K [0x00000000d5580000, 0x00000000d6580000, 0x0000000100000000)
  eden space 6656K, 0% used [0x00000000d5580000,0x00000000d5580000,0x00000000d5c00000)
  from space 4096K, 94% used [0x00000000d5c00000,0x00000000d5fca468,0x00000000d6000000)
  to   space 4096K, 0% used [0x00000000d6180000,0x00000000d6180000,0x00000000d6580000)
 ParOldGen       total 156672K, used 156163K [0x0000000080000000, 0x0000000089900000, 0x00000000d5580000)
  object space 156672K, 99% used [0x0000000080000000,0x0000000089880ec0,0x0000000089900000)
 Metaspace       used 64518K, committed 66048K, reserved 1114112K
  class space    used 6798K, committed 7488K, reserved 1048576K
}
Event: 17.256 GC heap before
{Heap before GC invocations=101 (full 3):
 PSYoungGen      total 10752K, used 10526K [0x00000000d5580000, 0x00000000d6580000, 0x0000000100000000)
  eden space 6656K, 99% used [0x00000000d5580000,0x00000000d5bfd770,0x00000000d5c00000)
  from space 4096K, 94% used [0x00000000d5c00000,0x00000000d5fca468,0x00000000d6000000)
  to   space 4096K, 0% used [0x00000000d6180000,0x00000000d6180000,0x00000000d6580000)
 ParOldGen       total 156672K, used 156163K [0x0000000080000000, 0x0000000089900000, 0x00000000d5580000)
  object space 156672K, 99% used [0x0000000080000000,0x0000000089880ec0,0x0000000089900000)
 Metaspace       used 64526K, committed 66048K, reserved 1114112K
  class space    used 6798K, committed 7488K, reserved 1048576K
}
Event: 17.260 GC heap after
{Heap after GC invocations=101 (full 3):
 PSYoungGen      total 10752K, used 2147K [0x00000000d5580000, 0x00000000d6400000, 0x0000000100000000)
  eden space 8192K, 0% used [0x00000000d5580000,0x00000000d5580000,0x00000000d5d80000)
  from space 2560K, 83% used [0x00000000d6180000,0x00000000d6398ff0,0x00000000d6400000)
  to   space 3072K, 0% used [0x00000000d5e00000,0x00000000d5e00000,0x00000000d6100000)
 ParOldGen       total 160256K, used 159883K [0x0000000080000000, 0x0000000089c80000, 0x00000000d5580000)
  object space 160256K, 99% used [0x0000000080000000,0x0000000089c22e20,0x0000000089c80000)
 Metaspace       used 64526K, committed 66048K, reserved 1114112K
  class space    used 6798K, committed 7488K, reserved 1048576K
}
Event: 17.311 GC heap before
{Heap before GC invocations=102 (full 3):
 PSYoungGen      total 10752K, used 10339K [0x00000000d5580000, 0x00000000d6400000, 0x0000000100000000)
  eden space 8192K, 100% used [0x00000000d5580000,0x00000000d5d80000,0x00000000d5d80000)
  from space 2560K, 83% used [0x00000000d6180000,0x00000000d6398ff0,0x00000000d6400000)
  to   space 3072K, 0% used [0x00000000d5e00000,0x00000000d5e00000,0x00000000d6100000)
 ParOldGen       total 160256K, used 159883K [0x0000000080000000, 0x0000000089c80000, 0x00000000d5580000)
  object space 160256K, 99% used [0x0000000080000000,0x0000000089c22e20,0x0000000089c80000)
 Metaspace       used 64621K, committed 66112K, reserved 1114112K
  class space    used 6826K, committed 7488K, reserved 1048576K
}
Event: 17.313 GC heap after
{Heap after GC invocations=102 (full 3):
 PSYoungGen      total 10752K, used 2095K [0x00000000d5580000, 0x00000000d6280000, 0x0000000100000000)
  eden space 8192K, 0% used [0x00000000d5580000,0x00000000d5580000,0x00000000d5d80000)
  from space 2560K, 81% used [0x00000000d5e00000,0x00000000d600bf00,0x00000000d6080000)
  to   space 2048K, 0% used [0x00000000d6080000,0x00000000d6080000,0x00000000d6280000)
 ParOldGen       total 162304K, used 161894K [0x0000000080000000, 0x0000000089e80000, 0x00000000d5580000)
  object space 162304K, 99% used [0x0000000080000000,0x0000000089e19ab8,0x0000000089e80000)
 Metaspace       used 64621K, committed 66112K, reserved 1114112K
  class space    used 6826K, committed 7488K, reserved 1048576K
}
Event: 17.627 GC heap before
{Heap before GC invocations=103 (full 3):
 PSYoungGen      total 10752K, used 10287K [0x00000000d5580000, 0x00000000d6280000, 0x0000000100000000)
  eden space 8192K, 100% used [0x00000000d5580000,0x00000000d5d80000,0x00000000d5d80000)
  from space 2560K, 81% used [0x00000000d5e00000,0x00000000d600bf00,0x00000000d6080000)
  to   space 2048K, 0% used [0x00000000d6080000,0x00000000d6080000,0x00000000d6280000)
 ParOldGen       total 162304K, used 161894K [0x0000000080000000, 0x0000000089e80000, 0x00000000d5580000)
  object space 162304K, 99% used [0x0000000080000000,0x0000000089e19ab8,0x0000000089e80000)
 Metaspace       used 64800K, committed 66304K, reserved 1114112K
  class space    used 6835K, committed 7488K, reserved 1048576K
}
Event: 17.629 GC heap after
{Heap after GC invocations=103 (full 3):
 PSYoungGen      total 10240K, used 1984K [0x00000000d5580000, 0x00000000d6280000, 0x0000000100000000)
  eden space 8192K, 0% used [0x00000000d5580000,0x00000000d5580000,0x00000000d5d80000)
  from space 2048K, 96% used [0x00000000d6080000,0x00000000d6270000,0x00000000d6280000)
  to   space 2048K, 0% used [0x00000000d5e80000,0x00000000d5e80000,0x00000000d6080000)
 ParOldGen       total 162304K, used 162238K [0x0000000080000000, 0x0000000089e80000, 0x00000000d5580000)
  object space 162304K, 99% used [0x0000000080000000,0x0000000089e6fab8,0x0000000089e80000)
 Metaspace       used 64800K, committed 66304K, reserved 1114112K
  class space    used 6835K, committed 7488K, reserved 1048576K
}

